0 info it worked if it ends with ok
1 verbose cli [ '/usr/bin/nodejs', '/usr/bin/npm', 'run', 'start' ]
2 info using npm@2.15.1
3 info using node@v4.4.3
4 verbose run-script [ 'prestart', 'start', 'poststart' ]
5 info prestart html5game@1.0.0
6 info start html5game@1.0.0
7 verbose unsafe-perm in lifecycle true
8 info html5game@1.0.0 Failed to exec start script
9 verbose stack Error: html5game@1.0.0 start: `concurrently "npm run tsc:w" "npm run lite" `
9 verbose stack spawn ENOENT
9 verbose stack     at ChildProcess.<anonymous> (/usr/lib/node_modules/npm/lib/utils/spawn.js:17:16)
9 verbose stack     at emitTwo (events.js:87:13)
9 verbose stack     at ChildProcess.emit (events.js:172:7)
9 verbose stack     at maybeClose (internal/child_process.js:827:16)
9 verbose stack     at Process.ChildProcess._handle.onexit (internal/child_process.js:211:5)
10 verbose pkgid html5game@1.0.0
11 verbose cwd /home/rubens/projetos/html5game
12 error Linux 3.19.0-43-generic
13 error argv "/usr/bin/nodejs" "/usr/bin/npm" "run" "start"
14 error node v4.4.3
15 error npm  v2.15.1
16 error file sh
17 error code ELIFECYCLE
18 error errno ENOENT
19 error syscall spawn
20 error html5game@1.0.0 start: `concurrently "npm run tsc:w" "npm run lite" `
20 error spawn ENOENT
21 error Failed at the html5game@1.0.0 start script 'concurrently "npm run tsc:w" "npm run lite" '.
21 error This is most likely a problem with the html5game package,
21 error not with npm itself.
21 error Tell the author that this fails on your system:
21 error     concurrently "npm run tsc:w" "npm run lite"
21 error You can get information on how to open an issue for this project with:
21 error     npm bugs html5game
21 error Or if that isn't available, you can get their info via:
21 error
21 error     npm owner ls html5game
21 error There is likely additional logging output above.
22 verbose exit [ 1, true ]
